19:44:01.401 INFO  manager.ApplicationManager - All tests runs in Chrome Browser
19:44:03.831 INFO  manager.ApplicationManager - The link --->https://ilcarro.web.app/search
19:44:03.844 INFO  manager.TestNGListener - Start testing on date ---> Wed Jun 04 19:44:03 IDT 2025
19:44:03.871 INFO  tests.TestBase - Name of Method --->negativeSearch
19:44:03.873 INFO  manager.TestNGListener - Start testnegativeSearch
19:44:03.875 INFO  manager.WDListener - Before Find Element --->By.id: city
19:44:03.920 INFO  manager.WDListener - After Find Element --->By.id: city
19:44:03.946 INFO  manager.WDListener - After Find Element --->(192, 253)
19:44:04.093 INFO  manager.WDListener - sendKeys --->inputtext
19:44:04.161 INFO  manager.WDListener - sendKeys --->inputtext
19:44:04.162 INFO  manager.WDListener - Before Find Element --->By.id: city
19:44:04.193 INFO  manager.WDListener - After Find Element --->By.id: city
19:44:04.217 INFO  manager.WDListener - After Find Element --->(192, 253)
19:44:04.242 INFO  manager.WDListener - Before click element --->inputtext
19:44:04.366 INFO  manager.WDListener - After click element --->inputtext
19:44:04.477 INFO  manager.WDListener - sendKeys --->inputtext
19:44:04.539 INFO  manager.WDListener - sendKeys --->inputtext
19:44:04.620 INFO  manager.WDListener - sendKeys --->inputtext
19:44:04.621 INFO  manager.WDListener - Before Find Element --->By.id: dates
19:44:04.650 INFO  manager.WDListener - After Find Element --->By.id: dates
19:44:04.667 INFO  manager.WDListener - After Find Element --->(192, 330)
19:44:04.766 INFO  manager.WDListener - sendKeys --->inputtext
19:44:04.830 INFO  manager.WDListener - sendKeys --->inputtext
19:44:06.841 INFO  manager.WDListener - Before Find Element --->By.cssSelector: div.pac-item
19:44:06.874 INFO  manager.WDListener - After Find Element --->By.cssSelector: div.pac-item
19:44:06.891 INFO  manager.WDListener - After Find Element --->(192, 301)
19:44:06.919 INFO  manager.WDListener - Before click element --->divtextTel AvivIsrael
19:44:07.047 INFO  manager.WDListener - Before Find Element --->By.id: dates
19:44:07.074 INFO  manager.WDListener - After Find Element --->By.id: dates
19:44:07.089 INFO  manager.WDListener - After Find Element --->(192, 349)
19:44:07.184 INFO  manager.WDListener - sendKeys --->inputtext
19:44:07.257 INFO  manager.WDListener - sendKeys --->inputtext
19:44:07.258 INFO  manager.WDListener - Before Find Element --->By.id: dates
19:44:07.283 INFO  manager.WDListener - After Find Element --->By.id: dates
19:44:07.300 INFO  manager.WDListener - After Find Element --->(192, 330)
19:44:07.324 INFO  manager.WDListener - Before click element --->inputtext
19:44:07.522 INFO  manager.WDListener - After click element --->inputtext
19:44:07.665 INFO  manager.WDListener - sendKeys --->inputtext
19:44:07.738 INFO  manager.WDListener - sendKeys --->inputtext
19:44:07.852 INFO  manager.WDListener - sendKeys --->inputtext
19:44:07.852 INFO  manager.WDListener - Before Find Element --->By.cssSelector: cdk-overlay-backdrop
19:44:12.920 INFO  manager.WDListener - Huston, we have a problem!
19:44:12.920 INFO  manager.WDListener - ********************
19:44:12.921 INFO  manager.WDListener - Object target  ---> ChromeDriver: chrome on windows (17f9e8c0a6328b4719e8ec6efa4af5d0)
19:44:12.921 INFO  manager.WDListener - ********************
19:44:12.921 INFO  manager.WDListener - Method name --->public abstract org.openqa.selenium.WebElement org.openqa.selenium.WebDriver.findElement(org.openqa.selenium.By)
19:44:12.921 INFO  manager.WDListener - ********************
19:44:12.922 INFO  manager.WDListener - InvocationTargetException --->org.openqa.selenium.NoSuchElementException: no such element: Unable to locate element: {"method":"css selector","selector":"cdk-overlay-backdrop"}
  (Session info: chrome=137.0.7151.57)
For documentation on this error, please visit: https://www.selenium.dev/documentation/webdriver/troubleshooting/errors#no-such-element-exception
Build info: version: '4.16.1', revision: '9b4c83354e'
System info: os.name: 'Windows 11', os.arch: 'amd64', os.version: '10.0', java.version: '11.0.21'
Driver info: org.openqa.selenium.chrome.ChromeDriver
Command: [17f9e8c0a6328b4719e8ec6efa4af5d0, findElement {using=css selector, value=cdk-overlay-backdrop}]
Capabilities {acceptInsecureCerts: false, browserName: chrome, browserVersion: 137.0.7151.57, chrome: {chromedriverVersion: 136.0.7103.113 (76fa3c17824..., userDataDir: C:\Users\user\AppData\Local...}, fedcm:accounts: true, goog:chromeOptions: {debuggerAddress: localhost:54583}, networkConnectionEnabled: false, pageLoadStrategy: normal, platformName: windows, proxy: Proxy(), se:cdp: ws://localhost:54583/devtoo..., se:cdpVersion: 137.0.7151.57, setWindowRect: true, strictFileInteractability: false, timeouts: {implicit: 0, pageLoad: 300000, script: 30000}, unhandledPromptBehavior: dismiss and notify, webauthn:extension:credBlob: true, webauthn:extension:largeBlob: true, webauthn:extension:minPinLength: true, webauthn:extension:prf: true, webauthn:virtualAuthenticators: true}
Session ID: 17f9e8c0a6328b4719e8ec6efa4af5d0
19:44:12.923 INFO  manager.WDListener - ********************
19:44:13.360 INFO  manager.WDListener - Screen with error is --->src/test/screenshots/screen_1057.png
19:44:13.362 INFO  manager.TestNGListener - Fail testnegativeSearch
19:44:13.365 INFO  manager.WDListener - Before Find Element --->By.cssSelector: a.logo
19:44:13.395 INFO  manager.WDListener - After Find Element --->By.cssSelector: a.logo
19:44:13.410 INFO  manager.WDListener - After Find Element --->(192, 16)
19:44:13.432 INFO  manager.WDListener - Before click element --->atext
19:44:14.491 INFO  manager.WDListener - Huston, we have a problem!
19:44:14.491 INFO  manager.WDListener - ********************
19:44:14.491 INFO  manager.WDListener - Object target  ---> [[ChromeDriver: chrome on windows (17f9e8c0a6328b4719e8ec6efa4af5d0)] -> css selector: a.logo]
19:44:14.491 INFO  manager.WDListener - ********************
19:44:14.491 INFO  manager.WDListener - Method name --->public abstract void org.openqa.selenium.WebElement.click()
19:44:14.491 INFO  manager.WDListener - ********************
19:44:14.491 INFO  manager.WDListener - InvocationTargetException --->org.openqa.selenium.ElementClickInterceptedException: element click intercepted: Element <a _ngcontent-kha-c44="" href="/" class="logo">...</a> is not clickable at point (284, 34). Other element would receive the click: <div class="cdk-overlay-backdrop mat-overlay-transparent-backdrop cdk-overlay-backdrop-showing"></div>
  (Session info: chrome=137.0.7151.57)
Build info: version: '4.16.1', revision: '9b4c83354e'
System info: os.name: 'Windows 11', os.arch: 'amd64', os.version: '10.0', java.version: '11.0.21'
Driver info: org.openqa.selenium.chrome.ChromeDriver
Command: [17f9e8c0a6328b4719e8ec6efa4af5d0, clickElement {id=f.7C13015EBBA9DB0D23F2D569414DE10F.d.70B3A55FEE10F0F3B76EE5EA835AA480.e.33}]
Capabilities {acceptInsecureCerts: false, browserName: chrome, browserVersion: 137.0.7151.57, chrome: {chromedriverVersion: 136.0.7103.113 (76fa3c17824..., userDataDir: C:\Users\user\AppData\Local...}, fedcm:accounts: true, goog:chromeOptions: {debuggerAddress: localhost:54583}, networkConnectionEnabled: false, pageLoadStrategy: normal, platformName: windows, proxy: Proxy(), se:cdp: ws://localhost:54583/devtoo..., se:cdpVersion: 137.0.7151.57, setWindowRect: true, strictFileInteractability: false, timeouts: {implicit: 0, pageLoad: 300000, script: 30000}, unhandledPromptBehavior: dismiss and notify, webauthn:extension:credBlob: true, webauthn:extension:largeBlob: true, webauthn:extension:minPinLength: true, webauthn:extension:prf: true, webauthn:virtualAuthenticators: true}
Element: [[ChromeDriver: chrome on windows (17f9e8c0a6328b4719e8ec6efa4af5d0)] -> css selector: a.logo]
Session ID: 17f9e8c0a6328b4719e8ec6efa4af5d0
19:44:14.491 INFO  manager.WDListener - ********************
19:44:14.498 INFO  manager.TestNGListener - Finish testing on date ---> Wed Jun 04 19:44:14 IDT 2025
